<?xml version="1.0" encoding="UTF-8"?>
<!-- Generated by org.testng.reporters.JUnitReportReporter -->
<testsuite hostname="LAPTOP-1RGMJ9DD" failures="0" tests="1" name="in.swiggy.teststeps.TestRunner" time="12.871" errors="0" timestamp="2023-08-01T14:17:20 IST" skipped="0">
  <testcase classname="in.swiggy.teststeps.TestRunner" name="runScenario" time="12.871"/>
  <system-out/>
</testsuite> <!-- in.swiggy.teststeps.TestRunner -->
